[2013-11-19 13:06:01] BehaviorTest::testMain.INFO: PASSED [] []
[2013-11-19 13:31:01] BehaviorTest::testMain.INFO: PASSED [] []
[2013-11-19 13:33:28] BehaviorTest::testMain.INFO: PASSED [] []
[2013-11-19 13:33:30] BehaviorTest::testMain.INFO: PASSED [] []
[2013-11-19 13:33:32] BehaviorTest::testMain.INFO: PASSED [] []
[2013-11-19 13:42:40] BehaviorTest::testMain.INFO: PASSED [] []
[2013-11-19 13:44:16] BehaviorTest::testMain.INFO: PASSED [] []
[2013-11-19 13:50:23] BehaviorTest::testMain.INFO: PASSED [] []
[2013-11-19 13:51:00] BehaviorTest::testMain.INFO: PASSED [] []
[2013-11-19 13:51:01] BehaviorTest::testMain.INFO: PASSED [] []
[2013-11-19 13:53:00] BehaviorTest::testMain.INFO: PASSED [] []
[2013-11-19 13:53:09] BehaviorTest::testMain.INFO: PASSED [] []
[2013-11-19 13:54:21] BehaviorTest::testMain.INFO: PASSED [] []
[2013-11-19 13:54:26] BehaviorTest::testMain.INFO: PASSED [] []
[2013-11-19 13:54:27] BehaviorTest::testMain.INFO: PASSED [] []
[2013-11-19 14:00:35] BehaviorTest::testMain.INFO: PASSED [] []
[2013-11-19 14:02:22] BehaviorTest::testMain.INFO: PASSED [] []
[2013-11-19 14:08:43] BehaviorTest::testMain.INFO: PASSED [] []
[2013-11-19 14:26:13] BehaviorTest::testCreatePostsAndComments.ALERT: The use statement with non-compound name 'Yii' has no effect [] []
[2013-11-19 14:26:13] BehaviorTest::testCreatePostsAndComments.INFO: # ERROR # [] []
[2013-11-19 14:26:13] BehaviorTest::testCreatePostsAndComments.INFO: PASSED [] []
[2013-11-19 14:27:43] BehaviorTest::testCreatePostsAndComments.ALERT: The use statement with non-compound name 'Yii' has no effect [] []
[2013-11-19 14:27:43] BehaviorTest::testCreatePostsAndComments.INFO: # ERROR # [] []
[2013-11-19 14:27:43] BehaviorTest::testCreatePostsAndComments.INFO: PASSED [] []
[2013-11-19 14:28:24] BehaviorTest::testCreatePostsAndComments.INFO: PASSED [] []
[2013-11-19 14:29:00] BehaviorTest::testCreatePostsAndComments.ALERT: SQLSTATE[23000]: Integrity constraint violation: 1452 Cannot add or update a child row: a foreign key constraint fails (`yii2example`.`posts`, CONSTRAINT `user_fk` FOREIGN KEY (`userId`) REFERENCES `users` (`id`) ON DELETE CASCADE)
The SQL being executed was: INSERT INTO `posts` (`title`) VALUES ('post 1') [] []
[2013-11-19 14:29:00] BehaviorTest::testCreatePostsAndComments.INFO: # ERROR # [] []
[2013-11-19 14:29:00] BehaviorTest::testCreatePostsAndComments.INFO: PASSED [] []
[2013-11-19 14:30:12] BehaviorTest::testCreatePostsAndComments.INFO: PASSED [] []
[2013-11-19 14:32:54] BehaviorTest::testCreatePostsAndComments.INFO: PASSED [] []
[2013-11-19 14:33:04] BehaviorTest::testCreatePostsAndComments.INFO: PASSED [] []
[2013-11-19 14:34:30] BehaviorTest::testCreatePostsAndComments.INFO: PASSED [] []
[2013-11-19 14:35:30] BehaviorTest::testCreatePostsAndComments.ALERT: Setting unknown property: ostapetc\Yii2CacheCounterBehavior\Behavior::relations [] []
[2013-11-19 14:35:30] BehaviorTest::testCreatePostsAndComments.INFO: # ERROR # [] []
[2013-11-19 14:35:30] BehaviorTest::testCreatePostsAndComments.INFO: PASSED [] []
[2013-11-19 14:40:59] BehaviorTest::testCreatePostsAndComments.INFO: PASSED [] []
[2013-11-19 14:46:37] BehaviorTest::testCreatePostsAndComments.ALERT: SQLSTATE[42S22]: Column not found: 1054 Unknown column 'comments_count' in 'field list'
The SQL being executed was: UPDATE `posts` SET `comments_count`=`comments_count`+1 WHERE `id`='1' [] []
[2013-11-19 14:46:37] BehaviorTest::testCreatePostsAndComments.INFO: # ERROR # [] []
[2013-11-19 14:46:37] BehaviorTest::testCreatePostsAndComments.INFO: PASSED [] []
[2013-11-19 14:49:48] BehaviorTest::testCreatePostsAndComments.INFO: PASSED [] []
[2013-11-19 14:58:10] BehaviorTest::testCreatePostsAndComments.ALERT: Trying to get property of non-object [] []
[2013-11-19 14:58:10] BehaviorTest::testCreatePostsAndComments.INFO: # ERROR # [] []
[2013-11-19 14:58:10] BehaviorTest::testCreatePostsAndComments.INFO: PASSED [] []
[2013-11-19 14:58:37] BehaviorTest::testCreatePostsAndComments.ALERT: Argument #1 of PHPUnit_Framework_Assert::assertCount() must be a integer [] []
[2013-11-19 14:58:37] BehaviorTest::testCreatePostsAndComments.INFO: # ERROR # [] []
[2013-11-19 14:58:37] BehaviorTest::testCreatePostsAndComments.INFO: PASSED [] []
[2013-11-19 14:59:22] BehaviorTest::testCreatePostsAndComments.INFO: PASSED [] []
[2013-11-19 14:59:33] BehaviorTest::testCreatePostsAndComments.INFO: PASSED [] []
[2013-11-19 15:01:17] BehaviorTest::testCounterIncrements.INFO: PASSED [] []
[2013-11-19 15:07:24] BehaviorTest::testCounterIncrementsAndDecrementsWhen.ALERT: Failed asserting that 1 is true. [] []
[2013-11-19 15:07:24] BehaviorTest::testCounterIncrementsAndDecrementsWhen.INFO: # FAILED # [] []
[2013-11-19 15:07:24] BehaviorTest::testCounterIncrementsAndDecrementsWhen.INFO: PASSED [] []
[2013-11-19 15:08:38] BehaviorTest::testCounterIncrementsAndDecrementsWhen.ALERT: Failed asserting that 1 is true. [] []
[2013-11-19 15:08:38] BehaviorTest::testCounterIncrementsAndDecrementsWhen.INFO: # FAILED # [] []
[2013-11-19 15:08:38] BehaviorTest::testCounterIncrementsAndDecrementsWhen.INFO: PASSED [] []
[2013-11-19 15:09:21] BehaviorTest::testCounterIncrementsAndDecrementsWhen.ALERT: 9 does not match expected type "object". [] []
[2013-11-19 15:09:21] BehaviorTest::testCounterIncrementsAndDecrementsWhen.INFO: # FAILED # [] []
[2013-11-19 15:09:21] BehaviorTest::testCounterIncrementsAndDecrementsWhen.INFO: PASSED [] []
[2013-11-19 15:09:43] BehaviorTest::testCounterIncrementsAndDecrementsWhen.INFO: PASSED [] []
